2024-07-16 16:09:42,320 : INFO : root : Loading config.
2024-07-16 16:09:42,323 : INFO : YamlMultifileConfigLoader : Machine config file #1: config.yaml
2024-07-16 16:09:42,323 : INFO : ConfigProcessor : Loading config from cache: /var/folders/h0/bms6fkcd70g4tl86tjln_pcw0000gn/T/f3d370de0c4a1fa85b3b4f835a156a62.mpf_cache
2024-07-16 16:09:42,345 : INFO : ConfigProcessor : Loading config from cache: /var/folders/h0/bms6fkcd70g4tl86tjln_pcw0000gn/T/acccfcdd4b43d9065391968198b4e01f.mpf_cache
2024-07-16 16:09:42,345 : INFO : ConfigProcessor : Loading config from cache: /var/folders/h0/bms6fkcd70g4tl86tjln_pcw0000gn/T/c5d6a5b2a989736550b4a6ee07efb547.mpf_cache
2024-07-16 16:09:42,346 : INFO : Machine : Mission Pinball Framework Core Engine v0.56.2
2024-07-16 16:09:42,346 : INFO : Machine : Command line arguments: {'no_load_cache': False, 'create_config_cache': True, 'bcp': True, 'configfile': ['config.yaml'], 'force_assets_load': False, 'jsonlogging': False, 'logfile': 'logs/2024-07-16-16-09-42-mpf-Zachs-Air.home.log', 'pause': False, 'production': False, 'text_ui': True, 'loglevel': 15, 'consoleloglevel': 20, 'force_platform': None, 'syslog_address': None, 'mc_file_name': None, 'no_sound': False}
2024-07-16 16:09:42,346 : INFO : Machine : MPF path: /Users/zachmccarthy/mpfenv/lib/python3.9/site-packages/mpf
2024-07-16 16:09:42,346 : INFO : Machine : Machine path: /Users/zachmccarthy/Documents/GitHub/Pinball/my_machine
2024-07-16 16:09:42,346 : INFO : Machine : Platform: darwin
2024-07-16 16:09:42,346 : INFO : Machine : Python executable location: /Users/zachmccarthy/mpfenv/bin/python3
2024-07-16 16:09:42,346 : INFO : Machine : Python version: 3.9.6 (64-bit)
2024-07-16 16:09:42,346 : INFO : Machine : Initialise MPF.
2024-07-16 16:09:42,360 : INFO : EventManager : Event: ======'machine_var_credits_string'====== Args={'value': 'FREE PLAY', 'prev_value': None, 'change': True}
2024-07-16 16:09:42,371 : INFO : EventManager : Event: ======'machine_var_master_volume'====== Args={'value': 0.5, 'prev_value': None, 'change': True}
2024-07-16 16:09:42,371 : INFO : EventManager : Event: ======'machine_var_mpf_version'====== Args={'value': 'MPF v0.56.2', 'prev_value': None, 'change': True}
2024-07-16 16:09:42,371 : INFO : EventManager : Event: ======'machine_var_mpf_extended_version'====== Args={'value': 'MPF v0.56.2, Config version:5, Show version: 5, BCP version:1.1', 'prev_value': None, 'change': True}
2024-07-16 16:09:42,371 : INFO : EventManager : Event: ======'machine_var_python_version'====== Args={'value': '3.9.6', 'prev_value': None, 'change': True}
2024-07-16 16:09:42,378 : INFO : EventManager : Event: ======'machine_var_platform'====== Args={'value': 'macOS-12.5.1-arm64-arm-64bit', 'prev_value': None, 'change': True}
2024-07-16 16:09:42,378 : INFO : EventManager : Event: ======'machine_var_platform_system'====== Args={'value': 'Darwin', 'prev_value': None, 'change': True}
2024-07-16 16:09:42,378 : INFO : EventManager : Event: ======'machine_var_platform_release'====== Args={'value': '21.6.0', 'prev_value': None, 'change': True}
2024-07-16 16:09:42,378 : INFO : EventManager : Event: ======'machine_var_platform_version'====== Args={'value': 'Darwin Kernel Version 21.6.0: Wed Aug 10 14:28:35 PDT 2022; root:xnu-8020.141.5~2/RELEASE_ARM64_T8101', 'prev_value': None, 'change': True}
2024-07-16 16:09:42,378 : INFO : EventManager : Event: ======'machine_var_platform_machine'====== Args={'value': 'arm64', 'prev_value': None, 'change': True}
2024-07-16 16:09:42,378 : INFO : EventManager : Event: ======'init_phase_1'====== Args={}
2024-07-16 16:09:42,382 : INFO : EventManager : Event: ======'init_phase_2'====== Args={}
2024-07-16 16:09:42,382 : INFO : EventManager : Event: ======'bcp_connection_attempt'====== Args={'name': 'local_display', 'host': 'localhost', 'port': 5050}
2024-07-16 16:09:42,382 : INFO : BCPClientSocket : Connecting BCP to 'local_display' at localhost:5050...
